<?xml version="1.0" encoding="UTF-8"?>
<coverage generated="1632277104536" clover="3.2.0">
  <project timestamp="1632277104536" name="All files">
    <metrics statements="8" coveredstatements="8" conditionals="0" coveredconditionals="0" methods="4" coveredmethods="4" elements="12" coveredelements="12" complexity="0" loc="8" ncloc="8" packages="1" files="4" classes="4"/>
    <file name="divisao.js" path="C:\Users\Pichau\Documents\T I\2021.1\Gerência de configuração e mudanças\Projeto_Reposição\Calculadora\src\divisao.js">
      <metrics statements="2" coveredstatements="2" conditionals="0" coveredconditionals="0" methods="1" coveredmethods="1"/>
      <line num="2" count="1" type="stmt"/>
      <line num="5" count="1" type="stmt"/>
    </file>
    <file name="multiplicacao.js" path="C:\Users\Pichau\Documents\T I\2021.1\Gerência de configuração e mudanças\Projeto_Reposição\Calculadora\src\multiplicacao.js">
      <metrics statements="2" coveredstatements="2" conditionals="0" coveredconditionals="0" methods="1" coveredmethods="1"/>
      <line num="2" count="1" type="stmt"/>
      <line num="5" count="1" type="stmt"/>
    </file>
    <file name="soma.js" path="C:\Users\Pichau\Documents\T I\2021.1\Gerência de configuração e mudanças\Projeto_Reposição\Calculadora\src\soma.js">
      <metrics statements="2" coveredstatements="2" conditionals="0" coveredconditionals="0" methods="1" coveredmethods="1"/>
      <line num="2" count="1" type="stmt"/>
      <line num="5" count="1" type="stmt"/>
    </file>
    <file name="subtracao.js" path="C:\Users\Pichau\Documents\T I\2021.1\Gerência de configuração e mudanças\Projeto_Reposição\Calculadora\src\subtracao.js">
      <metrics statements="2" coveredstatements="2" conditionals="0" coveredconditionals="0" methods="1" coveredmethods="1"/>
      <line num="2" count="1" type="stmt"/>
      <line num="5" count="1" type="stmt"/>
    </file>
  </project>
</coverage>
