{"C:\\Users\\Pichau\\Documents\\T I\\2021.1\\Gerência de configuração e mudanças\\Projeto_Reposição\\Calculadora\\multiplicacao.js": {"path":"C:\\Users\\Pichau\\Documents\\T I\\2021.1\\Gerência de configuração e mudanças\\Projeto_Reposição\\Calculadora\\multiplicacao.js","statementMap":{"0":{"start":{"line":2,"column":2},"end":{"line":2,"column":27}},"1":{"start":{"line":5,"column":0},"end":{"line":5,"column":31}}},"fnMap":{"0":{"name":"multiplicacao","decl":{"start":{"line":1,"column":9},"end":{"line":1,"column":22}},"loc":{"start":{"line":1,"column":41},"end":{"line":3,"column":1}},"line":1}},"branchMap":{},"s":{"0":1,"1":1},"f":{"0":1},"b":{},"_coverageSchema":"1a1c01bbd47fc00a2c39e90264f33305004495a9","hash":"e602f71cff9537da455741ab59081076f311f7c0"}
,"C:\\Users\\Pichau\\Documents\\T I\\2021.1\\Gerência de configuração e mudanças\\Projeto_Reposição\\Calculadora\\soma.js": {"path":"C:\\Users\\Pichau\\Documents\\T I\\2021.1\\Gerência de configuração e mudanças\\Projeto_Reposição\\Calculadora\\soma.js","statementMap":{"0":{"start":{"line":2,"column":2},"end":{"line":2,"column":27}},"1":{"start":{"line":5,"column":0},"end":{"line":5,"column":22}}},"fnMap":{"0":{"name":"soma","decl":{"start":{"line":1,"column":9},"end":{"line":1,"column":13}},"loc":{"start":{"line":1,"column":32},"end":{"line":3,"column":1}},"line":1}},"branchMap":{},"s":{"0":1,"1":1},"f":{"0":1},"b":{},"_coverageSchema":"1a1c01bbd47fc00a2c39e90264f33305004495a9","hash":"72b6ce15c69a941a06b2f3342ac2745e190eef4a"}
,"C:\\Users\\Pichau\\Documents\\T I\\2021.1\\Gerência de configuração e mudanças\\Projeto_Reposição\\Calculadora\\subtracao.js": {"path":"C:\\Users\\Pichau\\Documents\\T I\\2021.1\\Gerência de configuração e mudanças\\Projeto_Reposição\\Calculadora\\subtracao.js","statementMap":{"0":{"start":{"line":2,"column":2},"end":{"line":2,"column":27}},"1":{"start":{"line":5,"column":0},"end":{"line":5,"column":27}}},"fnMap":{"0":{"name":"subtracao","decl":{"start":{"line":1,"column":9},"end":{"line":1,"column":18}},"loc":{"start":{"line":1,"column":37},"end":{"line":3,"column":1}},"line":1}},"branchMap":{},"s":{"0":1,"1":1},"f":{"0":1},"b":{},"_coverageSchema":"1a1c01bbd47fc00a2c39e90264f33305004495a9","hash":"9899787d2e07e0f98ed6c115b2f338134f04c9c0"}
}
