{"C:\\Users\\Pichau\\Documents\\T I\\2021.1\\Gerência de configuração e mudanças\\Projeto_Reposição\\Calculadora\\src\\divisao.js": {"path":"C:\\Users\\Pichau\\Documents\\T I\\2021.1\\Gerência de configuração e mudanças\\Projeto_Reposição\\Calculadora\\src\\divisao.js","statementMap":{"0":{"start":{"line":2,"column":2},"end":{"line":2,"column":27}},"1":{"start":{"line":5,"column":0},"end":{"line":5,"column":25}}},"fnMap":{"0":{"name":"divisao","decl":{"start":{"line":1,"column":9},"end":{"line":1,"column":16}},"loc":{"start":{"line":1,"column":35},"end":{"line":3,"column":1}},"line":1}},"branchMap":{},"s":{"0":1,"1":1},"f":{"0":1},"b":{},"_coverageSchema":"1a1c01bbd47fc00a2c39e90264f33305004495a9","hash":"18c900983c4d47ef11001ad35fe9e44f4d0c75da"}
,"C:\\Users\\Pichau\\Documents\\T I\\2021.1\\Gerência de configuração e mudanças\\Projeto_Reposição\\Calculadora\\src\\multiplicacao.js": {"path":"C:\\Users\\Pichau\\Documents\\T I\\2021.1\\Gerência de configuração e mudanças\\Projeto_Reposição\\Calculadora\\src\\multiplicacao.js","statementMap":{"0":{"start":{"line":2,"column":2},"end":{"line":2,"column":27}},"1":{"start":{"line":5,"column":0},"end":{"line":5,"column":31}}},"fnMap":{"0":{"name":"multiplicacao","decl":{"start":{"line":1,"column":9},"end":{"line":1,"column":22}},"loc":{"start":{"line":1,"column":41},"end":{"line":3,"column":1}},"line":1}},"branchMap":{},"s":{"0":1,"1":1},"f":{"0":1},"b":{},"_coverageSchema":"1a1c01bbd47fc00a2c39e90264f33305004495a9","hash":"8707f8d8ef7529570d69a2211ed0f0fa4d51831a"}
,"C:\\Users\\Pichau\\Documents\\T I\\2021.1\\Gerência de configuração e mudanças\\Projeto_Reposição\\Calculadora\\src\\potencia.js": {"path":"C:\\Users\\Pichau\\Documents\\T I\\2021.1\\Gerência de configuração e mudanças\\Projeto_Reposição\\Calculadora\\src\\potencia.js","statementMap":{"0":{"start":{"line":2,"column":2},"end":{"line":2,"column":25}},"1":{"start":{"line":5,"column":0},"end":{"line":5,"column":26}}},"fnMap":{"0":{"name":"potencia","decl":{"start":{"line":1,"column":9},"end":{"line":1,"column":17}},"loc":{"start":{"line":1,"column":26},"end":{"line":3,"column":1}},"line":1}},"branchMap":{},"s":{"0":1,"1":1},"f":{"0":1},"b":{},"_coverageSchema":"1a1c01bbd47fc00a2c39e90264f33305004495a9","hash":"37abfa7b2f4747ef6471ba3b5184df602b96ade9"}
,"C:\\Users\\Pichau\\Documents\\T I\\2021.1\\Gerência de configuração e mudanças\\Projeto_Reposição\\Calculadora\\src\\soma.js": {"path":"C:\\Users\\Pichau\\Documents\\T I\\2021.1\\Gerência de configuração e mudanças\\Projeto_Reposição\\Calculadora\\src\\soma.js","statementMap":{"0":{"start":{"line":2,"column":2},"end":{"line":2,"column":27}},"1":{"start":{"line":5,"column":0},"end":{"line":5,"column":22}}},"fnMap":{"0":{"name":"soma","decl":{"start":{"line":1,"column":9},"end":{"line":1,"column":13}},"loc":{"start":{"line":1,"column":32},"end":{"line":3,"column":1}},"line":1}},"branchMap":{},"s":{"0":1,"1":1},"f":{"0":1},"b":{},"_coverageSchema":"1a1c01bbd47fc00a2c39e90264f33305004495a9","hash":"aae579910394d538fa6f92a75bd1e71cb1eef574"}
,"C:\\Users\\Pichau\\Documents\\T I\\2021.1\\Gerência de configuração e mudanças\\Projeto_Reposição\\Calculadora\\src\\subtracao.js": {"path":"C:\\Users\\Pichau\\Documents\\T I\\2021.1\\Gerência de configuração e mudanças\\Projeto_Reposição\\Calculadora\\src\\subtracao.js","statementMap":{"0":{"start":{"line":2,"column":2},"end":{"line":2,"column":27}},"1":{"start":{"line":5,"column":0},"end":{"line":5,"column":27}}},"fnMap":{"0":{"name":"subtracao","decl":{"start":{"line":1,"column":9},"end":{"line":1,"column":18}},"loc":{"start":{"line":1,"column":37},"end":{"line":3,"column":1}},"line":1}},"branchMap":{},"s":{"0":1,"1":1},"f":{"0":1},"b":{},"_coverageSchema":"1a1c01bbd47fc00a2c39e90264f33305004495a9","hash":"3eb267a941db94464307049ed81e783ec1daebc6"}
}
