TN:
SF:src\divisao.js
FN:1,divisao
FNF:1
FNH:1
FNDA:1,divisao
DA:2,1
DA:3,0
DA:5,1
DA:9,1
LF:4
LH:3
BRDA:2,0,0,0
BRDA:2,0,1,1
BRF:2
BRH:1
end_of_record
TN:
SF:src\multiplicacao.js
FN:1,multiplicacao
FNF:1
FNH:1
FNDA:1,multiplicacao
DA:2,1
DA:5,1
LF:2
LH:2
BRF:0
BRH:0
end_of_record
TN:
SF:src\potencia.js
FN:1,potencia
FNF:1
FNH:1
FNDA:1,potencia
DA:2,1
DA:5,1
LF:2
LH:2
BRF:0
BRH:0
end_of_record
TN:
SF:src\soma.js
FN:1,soma
FNF:1
FNH:1
FNDA:1,soma
DA:2,1
DA:5,1
LF:2
LH:2
BRF:0
BRH:0
end_of_record
TN:
SF:src\subtracao.js
FN:1,subtracao
FNF:1
FNH:1
FNDA:1,subtracao
DA:2,1
DA:5,1
LF:2
LH:2
BRF:0
BRH:0
end_of_record
